<?xml version="1.0" encoding="UTF-8"?>
<!-- Generated by org.testng.reporters.JUnitReportReporter -->
<testsuite hostname="Pavans-MacBook-Air.local" failures="0" tests="1" name="ddt.Nopcommerse" time="15.779" errors="0" timestamp="2022-01-07T10:32:25 IST" skipped="0">
  <testcase classname="ddt.Nopcommerse" name="login" time="15.779"/>
  <system-out/>
</testsuite> <!-- ddt.Nopcommerse -->
