<?xml version="1.0" encoding="UTF-8"?>
<!-- Generated by org.testng.reporters.JUnitReportReporter -->
<testsuite hostname="Pavans-MacBook-Air.local" failures="0" tests="1" name="humanCloud.OpenHumancloud" time="7.111" errors="0" timestamp="2022-01-10T15:18:15 IST" skipped="0">
  <testcase classname="humanCloud.OpenHumancloud" name="main" time="7.111"/>
  <system-out/>
</testsuite> <!-- humanCloud.OpenHumancloud -->
