<?xml version="1.0" encoding="UTF-8"?>
<!-- Generated by org.testng.reporters.JUnitReportReporter -->
<testsuite hostname="Pavans-MacBook-Air.local" failures="0" tests="1" name="ddtTest.ALLDDTtest" time="33.892" errors="0" timestamp="2022-01-06T18:59:43 IST" skipped="0">
  <testcase classname="ddtTest.ALLDDTtest" name="login" time="33.892"/>
  <system-out/>
</testsuite> <!-- ddtTest.ALLDDTtest -->
