<?xml version="1.0" encoding="UTF-8"?>
<!-- Generated by org.testng.reporters.JUnitReportReporter -->
<testsuite hostname="Pavans-MacBook-Air.local" failures="0" tests="1" name="ddt.ExcelRead" time="0.605" errors="0" timestamp="2022-01-07T09:35:11 IST" skipped="0">
  <testcase classname="ddt.ExcelRead" name="excelread" time="0.605"/>
  <system-out/>
</testsuite> <!-- ddt.ExcelRead -->
