<?xml version="1.0" encoding="UTF-8"?>
<!-- Generated by org.testng.reporters.JUnitReportReporter -->
<testsuite hostname="Pavans-MacBook-Air.local" failures="0" tests="1" name="ddtLoginTestCases.OrangehrmTestfromExcel2" time="0.000" errors="0" timestamp="2022-01-06T13:24:12 IST" skipped="1">
  <testcase classname="ddtLoginTestCases.OrangehrmTestfromExcel2" name="login" time="0.000">
    <skipped/>
  </testcase> <!-- login -->
  <system-out/>
</testsuite> <!-- ddtLoginTestCases.OrangehrmTestfromExcel2 -->
